<?xml version="1.0" encoding="UTF-8"?>
<testng-results ignored="0" total="2" passed="2" failed="0" skipped="0">
  <reporter-output>
  </reporter-output>
  <suite started-at="2022-06-19T12:33:39 IST" name="Default suite" finished-at="2022-06-19T12:33:58 IST" duration-ms="19651">
    <groups>
    </groups>
    <test started-at="2022-06-19T12:33:39 IST" name="Default test" finished-at="2022-06-19T12:33:58 IST" duration-ms="19651">
      <class name="Tests.LoginTest">
        <test-method is-config="true" signature="driverInitilization()[pri:0, instance:Tests.LoginTest@12ed9db6]" started-at="2022-06-19T12:33:36 IST" name="driverInitilization" finished-at="2022-06-19T12:33:39 IST" duration-ms="2807" status="PASS">
          <reporter-output>
          </reporter-output>
        </test-method> <!-- driverInitilization -->
        <test-method signature="loginTest()[pri:0, instance:Tests.LoginTest@12ed9db6]" started-at="2022-06-19T12:33:39 IST" name="loginTest" description="verify login test" finished-at="2022-06-19T12:33:51 IST" duration-ms="12771" status="PASS">
          <reporter-output>
          </reporter-output>
        </test-method> <!-- loginTest -->
        <test-method signature="logoutTest()[pri:0, instance:Tests.LoginTest@12ed9db6]" started-at="2022-06-19T12:33:51 IST" name="logoutTest" description="verify logout" finished-at="2022-06-19T12:33:58 IST" duration-ms="6862" status="PASS">
          <reporter-output>
          </reporter-output>
        </test-method> <!-- logoutTest -->
        <test-method is-config="true" signature="tearDown()[pri:0, instance:Tests.LoginTest@12ed9db6]" started-at="2022-06-19T12:33:58 IST" name="tearDown" finished-at="2022-06-19T12:33:59 IST" duration-ms="545" status="PASS">
          <reporter-output>
          </reporter-output>
        </test-method> <!-- tearDown -->
      </class> <!-- Tests.LoginTest -->
    </test> <!-- Default test -->
  </suite> <!-- Default suite -->
</testng-results>
