<?xml version="1.0" encoding="UTF-8"?>
<testng-results ignored="0" total="1" passed="1" failed="0" skipped="0">
  <reporter-output>
  </reporter-output>
  <suite started-at="2022-06-18T22:34:20 IST" name="Default suite" finished-at="2022-06-18T22:34:30 IST" duration-ms="10327">
    <groups>
    </groups>
    <test started-at="2022-06-18T22:34:20 IST" name="Default test" finished-at="2022-06-18T22:34:30 IST" duration-ms="10327">
      <class name="Tests.LoginTest">
        <test-method is-config="true" signature="driverInitilization()[pri:0, instance:Tests.LoginTest@50468873]" started-at="2022-06-18T22:34:20 IST" name="driverInitilization" finished-at="2022-06-18T22:34:21 IST" duration-ms="1027" status="PASS">
          <reporter-output>
          </reporter-output>
        </test-method> <!-- driverInitilization -->
        <test-method signature="loginTest()[pri:0, instance:Tests.LoginTest@50468873]" started-at="2022-06-18T22:34:21 IST" name="loginTest" finished-at="2022-06-18T22:34:30 IST" duration-ms="9280" status="PASS">
          <reporter-output>
          </reporter-output>
        </test-method> <!-- loginTest -->
        <test-method is-config="true" signature="tearDown()[pri:0, instance:Tests.LoginTest@50468873]" started-at="2022-06-18T22:34:30 IST" name="tearDown" finished-at="2022-06-18T22:34:30 IST" duration-ms="103" status="PASS">
          <reporter-output>
          </reporter-output>
        </test-method> <!-- tearDown -->
      </class> <!-- Tests.LoginTest -->
    </test> <!-- Default test -->
  </suite> <!-- Default suite -->
</testng-results>
